[debug] [2025-09-18T23:52:46.724Z] ----------------------------------------------------------------------
[debug] [2025-09-18T23:52:46.729Z] Command:       C:\Program Files\nodejs\node.exe C:\Users\evince\AppData\Roaming\npm\node_modules\firebase-tools\lib\bin\firebase.js deploy --only firestore:indexes --debug
[debug] [2025-09-18T23:52:46.730Z] CLI Version:   14.16.0
[debug] [2025-09-18T23:52:46.730Z] Platform:      win32
[debug] [2025-09-18T23:52:46.731Z] Node Version:  v22.18.0
[debug] [2025-09-18T23:52:46.731Z] Time:          Fri Sep 19 2025 02:52:46 GMT+0300 (East Africa Time)
[debug] [2025-09-18T23:52:46.731Z] ----------------------------------------------------------------------
[debug] 
[debug] [2025-09-18T23:52:47.266Z] > command requires scopes: ["email","openid","https://www.googleapis.com/auth/cloudplatformprojects.readonly","https://www.googleapis.com/auth/firebase","https://www.googleapis.com/auth/cloud-platform"]
[debug] [2025-09-18T23:52:47.269Z] > authorizing via signed-in user (lelirentals@gmail.com)
[debug] [2025-09-18T23:52:47.270Z] [iam] checking project leli-rentals-52a08 for permissions ["datastore.indexes.create","datastore.indexes.delete","datastore.indexes.list","datastore.indexes.update","firebase.projects.get"]
[debug] [2025-09-18T23:52:47.273Z] Checked if tokens are valid: true, expires at: 1758242126839
[debug] [2025-09-18T23:52:47.273Z] Checked if tokens are valid: true, expires at: 1758242126839
[debug] [2025-09-18T23:52:47.277Z] >>> [apiv2][query] POST https://cloudresourcemanager.googleapis.com/v1/projects/leli-rentals-52a08:testIamPermissions [none]
[debug] [2025-09-18T23:52:47.278Z] >>> [apiv2][(partial)header] POST https://cloudresourcemanager.googleapis.com/v1/projects/leli-rentals-52a08:testIamPermissions x-goog-quota-user=projects/leli-rentals-52a08
[debug] [2025-09-18T23:52:47.279Z] >>> [apiv2][body] POST https://cloudresourcemanager.googleapis.com/v1/projects/leli-rentals-52a08:testIamPermissions {"permissions":["datastore.indexes.create","datastore.indexes.delete","datastore.indexes.list","datastore.indexes.update","firebase.projects.get"]}
[debug] [2025-09-18T23:52:48.979Z] <<< [apiv2][status] POST https://cloudresourcemanager.googleapis.com/v1/projects/leli-rentals-52a08:testIamPermissions 200
[debug] [2025-09-18T23:52:49.077Z] <<< [apiv2][body] POST https://cloudresourcemanager.googleapis.com/v1/projects/leli-rentals-52a08:testIamPermissions {"permissions":["datastore.indexes.create","datastore.indexes.delete","datastore.indexes.list","datastore.indexes.update","firebase.projects.get"]}
[info] 
[info] === Deploying to 'leli-rentals-52a08'...
[info] 
[info] i  deploying firestore 
[info] i  firestore: reading indexes from firestore.indexes.json... 
[info] i  cloud.firestore: checking firestore.rules for compilation errors... 
[debug] [2025-09-18T23:52:49.170Z] Checked if tokens are valid: true, expires at: 1758242126839
[debug] [2025-09-18T23:52:49.171Z] Checked if tokens are valid: true, expires at: 1758242126839
[debug] [2025-09-18T23:52:49.172Z] >>> [apiv2][query] POST https://firebaserules.googleapis.com/v1/projects/leli-rentals-52a08:test [none]
[debug] [2025-09-18T23:52:49.173Z] >>> [apiv2][body] POST https://firebaserules.googleapis.com/v1/projects/leli-rentals-52a08:test [omitted]
[debug] [2025-09-18T23:52:50.321Z] <<< [apiv2][status] POST https://firebaserules.googleapis.com/v1/projects/leli-rentals-52a08:test 200
[debug] [2025-09-18T23:52:50.324Z] <<< [apiv2][body] POST https://firebaserules.googleapis.com/v1/projects/leli-rentals-52a08:test {}
[info] +  cloud.firestore: rules file firestore.rules compiled successfully 
[debug] [2025-09-18T23:52:50.328Z] Checked if tokens are valid: true, expires at: 1758242126839
[debug] [2025-09-18T23:52:50.329Z] Checked if tokens are valid: true, expires at: 1758242126839
[debug] [2025-09-18T23:52:50.330Z] >>> [apiv2][query] GET https://firestore.googleapis.com/v1/projects/leli-rentals-52a08/databases/(default) [none]
[debug] [2025-09-18T23:52:51.214Z] <<< [apiv2][status] GET https://firestore.googleapis.com/v1/projects/leli-rentals-52a08/databases/(default) 200
[debug] [2025-09-18T23:52:51.214Z] <<< [apiv2][body] GET https://firestore.googleapis.com/v1/projects/leli-rentals-52a08/databases/(default) {"name":"projects/leli-rentals-52a08/databases/(default)","uid":"dc289044-a7c3-40c0-a6e0-82fede3e41aa","createTime":"2025-09-15T23:13:19.407430Z","updateTime":"2025-09-15T23:13:19.407430Z","locationId":"africa-south1","type":"FIRESTORE_NATIVE","concurrencyMode":"PESSIMISTIC","versionRetentionPeriod":"3600s","earliestVersionTime":"2025-09-18T22:52:51.137323Z","appEngineIntegrationMode":"DISABLED","pointInTimeRecoveryEnablement":"POINT_IN_TIME_RECOVERY_DISABLED","deleteProtectionState":"DELETE_PROTECTION_DISABLED","databaseEdition":"STANDARD","freeTier":true,"etag":"IO2hxejA448DMMWMtvjy248D"}
[info] i  firestore: deploying indexes... 
[debug] [2025-09-18T23:52:51.218Z] Checked if tokens are valid: true, expires at: 1758242126839
[debug] [2025-09-18T23:52:51.218Z] Checked if tokens are valid: true, expires at: 1758242126839
[debug] [2025-09-18T23:52:51.219Z] >>> [apiv2][query] GET https://firestore.googleapis.com/v1/projects/leli-rentals-52a08/databases/(default)/collectionGroups/-/indexes [none]
[debug] [2025-09-18T23:52:51.654Z] <<< [apiv2][status] GET https://firestore.googleapis.com/v1/projects/leli-rentals-52a08/databases/(default)/collectionGroups/-/indexes 200
[debug] [2025-09-18T23:52:51.655Z] <<< [apiv2][body] GET https://firestore.googleapis.com/v1/projects/leli-rentals-52a08/databases/(default)/collectionGroups/-/indexes {"indexes":[{"name":"projects/leli-rentals-52a08/databases/(default)/collectionGroups/user_interactions/indexes/CICAgJim18AI","queryScope":"COLLECTION","fields":[{"fieldPath":"userId","order":"ASCENDING"},{"fieldPath":"listingId","order":"ASCENDING"},{"fieldPath":"interactionType","order":"ASCENDING"},{"fieldPath":"__name__","order":"ASCENDING"}],"state":"READY","density":"SPARSE_ALL"},{"name":"projects/leli-rentals-52a08/databases/(default)/collectionGroups/user_interactions/indexes/CICAgJiUpsMI","queryScope":"COLLECTION","fields":[{"fieldPath":"userId","order":"ASCENDING"},{"fieldPath":"interactionType","order":"ASCENDING"},{"fieldPath":"timestamp","order":"DESCENDING"},{"fieldPath":"__name__","order":"DESCENDING"}],"state":"READY","density":"SPARSE_ALL"},{"name":"projects/leli-rentals-52a08/databases/(default)/collectionGroups/favorites/indexes/CICAgJim14AJ","queryScope":"COLLECTION","fields":[{"fieldPath":"userId","order":"ASCENDING"},{"fieldPath":"createdAt","order":"DESCENDING"},{"fieldPath":"__name__","order":"DESCENDING"}],"state":"READY","density":"SPARSE_ALL"},{"name":"projects/leli-rentals-52a08/databases/(default)/collectionGroups/bookings/indexes/CICAgOjXh4EJ","queryScope":"COLLECTION","fields":[{"fieldPath":"ownerId","order":"ASCENDING"},{"fieldPath":"createdAt","order":"DESCENDING"},{"fieldPath":"__name__","order":"DESCENDING"}],"state":"READY","density":"SPARSE_ALL"},{"name":"projects/leli-rentals-52a08/databases/(default)/collectionGroups/listings/indexes/CICAgJj7z4EJ","queryScope":"COLLECTION","fields":[{"fieldPath":"category","order":"ASCENDING"},{"fieldPath":"price","order":"ASCENDING"},{"fieldPath":"__name__","order":"ASCENDING"}],"state":"READY","density":"SPARSE_ALL"},{"name":"projects/leli-rentals-52a08/databases/(default)/collectionGroups/bookings/indexes/CICAgJjF9oIJ","queryScope":"COLLECTION","fields":[{"fieldPath":"userId","order":"ASCENDING"},{"fieldPath":"createdAt","order":"DESCENDING"},{"fieldPath":"__name__","order":"DESCENDING"}],"state":"READY","density":"SPARSE_ALL"},{"name":"projects/leli-rentals-52a08/databases/(default)/collectionGroups/bookings/indexes/CICAgJiUpoMJ","queryScope":"COLLECTION","fields":[{"fieldPath":"userId","order":"ASCENDING"},{"fieldPath":"status","order":"ASCENDING"},{"fieldPath":"__name__","order":"ASCENDING"}],"state":"READY","density":"SPARSE_ALL"},{"name":"projects/leli-rentals-52a08/databases/(default)/collectionGroups/savedBookings/indexes/CICAgJim14AK","queryScope":"COLLECTION","fields":[{"fieldPath":"userId","order":"ASCENDING"},{"fieldPath":"listingId","order":"ASCENDING"},{"fieldPath":"__name__","order":"ASCENDING"}],"state":"READY","density":"SPARSE_ALL"},{"name":"projects/leli-rentals-52a08/databases/(default)/collectionGroups/savedBookings/indexes/CICAgOjXh4EK","queryScope":"COLLECTION","fields":[{"fieldPath":"userId","order":"ASCENDING"},{"fieldPath":"savedAt","order":"DESCENDING"},{"fieldPath":"__name__","order":"DESCENDING"}],"state":"READY","density":"SPARSE_ALL"},{"name":"projects/leli-rentals-52a08/databases/(default)/collectionGroups/listings/indexes/CICAgJj7z4EK","queryScope":"COLLECTION","fields":[{"fieldPath":"category","order":"ASCENDING"},{"fieldPath":"createdAt","order":"DESCENDING"},{"fieldPath":"__name__","order":"DESCENDING"}],"state":"READY","density":"SPARSE_ALL"},{"name":"projects/leli-rentals-52a08/databases/(default)/collectionGroups/favorites/indexes/CICAgJjF9oIK","queryScope":"COLLECTION","fields":[{"fieldPath":"userId","order":"ASCENDING"},{"fieldPath":"listingId","order":"ASCENDING"},{"fieldPath":"__name__","order":"ASCENDING"}],"state":"READY","density":"SPARSE_ALL"},{"name":"projects/leli-rentals-52a08/databases/(default)/collectionGroups/savedBookings/indexes/CICAgJiUpoMK","queryScope":"COLLECTION","fields":[{"fieldPath":"userId","order":"ASCENDING"},{"fieldPath":"listingCategory","order":"ASCENDING"},{"fieldPath":"__name__","order":"ASCENDING"}],"state":"READY","density":"SPARSE_ALL"},{"name":"projects/leli-rentals-52a08/databases/(default)/collectionGroups/listings/indexes/CICAgJim14AL","queryScope":"COLLECTION","fields":[{"fieldPath":"available","order":"ASCENDING"},{"fieldPath":"createdAt","order":"DESCENDING"},{"fieldPath":"__name__","order":"DESCENDING"}],"state":"READY","density":"SPARSE_ALL"},{"name":"projects/leli-rentals-52a08/databases/(default)/collectionGroups/listings/indexes/CICAgOjXh4EL","queryScope":"COLLECTION","fields":[{"fieldPath":"location","order":"ASCENDING"},{"fieldPath":"createdAt","order":"DESCENDING"},{"fieldPath":"__name__","order":"DESCENDING"}],"state":"READY","density":"SPARSE_ALL"},{"name":"projects/leli-rentals-52a08/databases/(default)/collectionGroups/listings/indexes/CICAgJiUpoML","queryScope":"COLLECTION","fields":[{"fieldPath":"ownerId","order":"ASCENDING"},{"fieldPath":"createdAt","order":"DESCENDING"},{"fieldPath":"__name__","order":"DESCENDING"}],"state":"READY","density":"SPARSE_ALL"}]}
[debug] [2025-09-18T23:52:51.658Z] Checked if tokens are valid: true, expires at: 1758242126839
[debug] [2025-09-18T23:52:51.658Z] Checked if tokens are valid: true, expires at: 1758242126839
[debug] [2025-09-18T23:52:51.659Z] >>> [apiv2][query] GET https://firestore.googleapis.com/v1/projects/leli-rentals-52a08/databases/(default)/collectionGroups/-/fields?filter=indexConfig.usesAncestorConfig=false OR ttlConfig:* [none]
[debug] [2025-09-18T23:52:51.745Z] <<< [apiv2][status] GET https://firestore.googleapis.com/v1/projects/leli-rentals-52a08/databases/(default)/collectionGroups/-/fields?filter=indexConfig.usesAncestorConfig=false OR ttlConfig:* 200
[debug] [2025-09-18T23:52:51.746Z] <<< [apiv2][body] GET https://firestore.googleapis.com/v1/projects/leli-rentals-52a08/databases/(default)/collectionGroups/-/fields?filter=indexConfig.usesAncestorConfig=false OR ttlConfig:* {"fields":[{"name":"projects/leli-rentals-52a08/databases/(default)/collectionGroups/__default__/fields/*","indexConfig":{"indexes":[{"queryScope":"COLLECTION","fields":[{"fieldPath":"*","order":"ASCENDING"}],"state":"READY"},{"queryScope":"COLLECTION","fields":[{"fieldPath":"*","order":"DESCENDING"}],"state":"READY"},{"queryScope":"COLLECTION","fields":[{"fieldPath":"*","arrayConfig":"CONTAINS"}],"state":"READY"}]}}]}
[debug] [2025-09-18T23:52:51.746Z] Checked if tokens are valid: true, expires at: 1758242126839
[debug] [2025-09-18T23:52:51.747Z] Checked if tokens are valid: true, expires at: 1758242126839
[debug] [2025-09-18T23:52:51.747Z] >>> [apiv2][query] GET https://firestore.googleapis.com/v1/projects/leli-rentals-52a08/databases/(default) [none]
[debug] [2025-09-18T23:52:51.840Z] <<< [apiv2][status] GET https://firestore.googleapis.com/v1/projects/leli-rentals-52a08/databases/(default) 200
[debug] [2025-09-18T23:52:51.840Z] <<< [apiv2][body] GET https://firestore.googleapis.com/v1/projects/leli-rentals-52a08/databases/(default) {"name":"projects/leli-rentals-52a08/databases/(default)","uid":"dc289044-a7c3-40c0-a6e0-82fede3e41aa","createTime":"2025-09-15T23:13:19.407430Z","updateTime":"2025-09-15T23:13:19.407430Z","locationId":"africa-south1","type":"FIRESTORE_NATIVE","concurrencyMode":"PESSIMISTIC","versionRetentionPeriod":"3600s","earliestVersionTime":"2025-09-18T22:52:51.764232Z","appEngineIntegrationMode":"DISABLED","pointInTimeRecoveryEnablement":"POINT_IN_TIME_RECOVERY_DISABLED","deleteProtectionState":"DELETE_PROTECTION_DISABLED","databaseEdition":"STANDARD","freeTier":true,"etag":"IPnB6+jA448DMMWMtvjy248D"}
[debug] [2025-09-18T23:52:51.844Z] Skipping existing index: {"collectionGroup":"savedBookings","queryScope":"COLLECTION","fields":[{"fieldPath":"userId","order":"ASCENDING"},{"fieldPath":"savedAt","order":"DESCENDING"}]}
[debug] [2025-09-18T23:52:51.845Z] Skipping existing index: {"collectionGroup":"savedBookings","queryScope":"COLLECTION","fields":[{"fieldPath":"userId","order":"ASCENDING"},{"fieldPath":"listingCategory","order":"ASCENDING"}]}
[debug] [2025-09-18T23:52:51.846Z] Skipping existing index: {"collectionGroup":"savedBookings","queryScope":"COLLECTION","fields":[{"fieldPath":"userId","order":"ASCENDING"},{"fieldPath":"listingId","order":"ASCENDING"}]}
[debug] [2025-09-18T23:52:51.847Z] Skipping existing index: {"collectionGroup":"favorites","queryScope":"COLLECTION","fields":[{"fieldPath":"userId","order":"ASCENDING"},{"fieldPath":"createdAt","order":"DESCENDING"}]}
[debug] [2025-09-18T23:52:51.848Z] Skipping existing index: {"collectionGroup":"favorites","queryScope":"COLLECTION","fields":[{"fieldPath":"userId","order":"ASCENDING"},{"fieldPath":"listingId","order":"ASCENDING"}]}
[debug] [2025-09-18T23:52:51.848Z] Skipping existing index: {"collectionGroup":"bookings","queryScope":"COLLECTION","fields":[{"fieldPath":"userId","order":"ASCENDING"},{"fieldPath":"createdAt","order":"DESCENDING"}]}
[debug] [2025-09-18T23:52:51.849Z] Skipping existing index: {"collectionGroup":"bookings","queryScope":"COLLECTION","fields":[{"fieldPath":"userId","order":"ASCENDING"},{"fieldPath":"status","order":"ASCENDING"}]}
[debug] [2025-09-18T23:52:51.849Z] Skipping existing index: {"collectionGroup":"bookings","queryScope":"COLLECTION","fields":[{"fieldPath":"ownerId","order":"ASCENDING"},{"fieldPath":"createdAt","order":"DESCENDING"}]}
[debug] [2025-09-18T23:52:51.850Z] Skipping existing index: {"collectionGroup":"listings","queryScope":"COLLECTION","fields":[{"fieldPath":"category","order":"ASCENDING"},{"fieldPath":"createdAt","order":"DESCENDING"}]}
[debug] [2025-09-18T23:52:51.851Z] Skipping existing index: {"collectionGroup":"listings","queryScope":"COLLECTION","fields":[{"fieldPath":"category","order":"ASCENDING"},{"fieldPath":"price","order":"ASCENDING"}]}
[debug] [2025-09-18T23:52:51.851Z] Skipping existing index: {"collectionGroup":"listings","queryScope":"COLLECTION","fields":[{"fieldPath":"location","order":"ASCENDING"},{"fieldPath":"createdAt","order":"DESCENDING"}]}
[debug] [2025-09-18T23:52:51.852Z] Skipping existing index: {"collectionGroup":"listings","queryScope":"COLLECTION","fields":[{"fieldPath":"ownerId","order":"ASCENDING"},{"fieldPath":"createdAt","order":"DESCENDING"}]}
[debug] [2025-09-18T23:52:51.853Z] Skipping existing index: {"collectionGroup":"listings","queryScope":"COLLECTION","fields":[{"fieldPath":"available","order":"ASCENDING"},{"fieldPath":"createdAt","order":"DESCENDING"}]}
[debug] [2025-09-18T23:52:51.854Z] Skipping existing index: {"collectionGroup":"user_interactions","queryScope":"COLLECTION","fields":[{"fieldPath":"userId","order":"ASCENDING"},{"fieldPath":"listingId","order":"ASCENDING"},{"fieldPath":"interactionType","order":"ASCENDING"}]}
[debug] [2025-09-18T23:52:51.855Z] Skipping existing index: {"collectionGroup":"user_interactions","queryScope":"COLLECTION","fields":[{"fieldPath":"userId","order":"ASCENDING"},{"fieldPath":"interactionType","order":"ASCENDING"},{"fieldPath":"timestamp","order":"DESCENDING"}]}
[debug] [2025-09-18T23:52:51.856Z] Creating new index: {"collectionGroup":"userReviews","queryScope":"COLLECTION","fields":[{"fieldPath":"revieweeId","order":"ASCENDING"},{"fieldPath":"createdAt","order":"DESCENDING"}]}
[debug] [2025-09-18T23:52:51.857Z] Checked if tokens are valid: true, expires at: 1758242126839
[debug] [2025-09-18T23:52:51.858Z] Checked if tokens are valid: true, expires at: 1758242126839
[debug] [2025-09-18T23:52:51.859Z] >>> [apiv2][query] POST https://firestore.googleapis.com/v1/projects/leli-rentals-52a08/databases/(default)/collectionGroups/userReviews/indexes [none]
[debug] [2025-09-18T23:52:51.860Z] >>> [apiv2][body] POST https://firestore.googleapis.com/v1/projects/leli-rentals-52a08/databases/(default)/collectionGroups/userReviews/indexes {"fields":[{"fieldPath":"revieweeId","order":"ASCENDING"},{"fieldPath":"createdAt","order":"DESCENDING"}],"queryScope":"COLLECTION"}
[debug] [2025-09-18T23:52:52.157Z] <<< [apiv2][status] POST https://firestore.googleapis.com/v1/projects/leli-rentals-52a08/databases/(default)/collectionGroups/userReviews/indexes 200
[debug] [2025-09-18T23:52:52.158Z] <<< [apiv2][body] POST https://firestore.googleapis.com/v1/projects/leli-rentals-52a08/databases/(default)/collectionGroups/userReviews/indexes {"name":"projects/leli-rentals-52a08/databases/(default)/operations/SUU4aFhqT2dBQ0lDDCoDIDNlMjZmNTI0ZDQ2Mi1lNmM5LThiODQtZTRmNS1mNTBkNjkwMiQac2VuaWxlcGlwCQpBEg","metadata":{"@type":"type.googleapis.com/google.firestore.admin.v1.IndexOperationMetadata","startTime":"2025-09-18T23:52:52.063283Z","index":"projects/leli-rentals-52a08/databases/(default)/collectionGroups/userReviews/indexes/CICAgOjXh8EI","state":"INITIALIZING"}}
[debug] [2025-09-18T23:52:52.159Z] Creating new index: {"collectionGroup":"userReviews","queryScope":"COLLECTION","fields":[{"fieldPath":"reviewerId","order":"ASCENDING"},{"fieldPath":"createdAt","order":"DESCENDING"}]}
[debug] [2025-09-18T23:52:52.159Z] Checked if tokens are valid: true, expires at: 1758242126839
[debug] [2025-09-18T23:52:52.160Z] Checked if tokens are valid: true, expires at: 1758242126839
[debug] [2025-09-18T23:52:52.160Z] >>> [apiv2][query] POST https://firestore.googleapis.com/v1/projects/leli-rentals-52a08/databases/(default)/collectionGroups/userReviews/indexes [none]
[debug] [2025-09-18T23:52:52.160Z] >>> [apiv2][body] POST https://firestore.googleapis.com/v1/projects/leli-rentals-52a08/databases/(default)/collectionGroups/userReviews/indexes {"fields":[{"fieldPath":"reviewerId","order":"ASCENDING"},{"fieldPath":"createdAt","order":"DESCENDING"}],"queryScope":"COLLECTION"}
[debug] [2025-09-18T23:52:52.397Z] <<< [apiv2][status] POST https://firestore.googleapis.com/v1/projects/leli-rentals-52a08/databases/(default)/collectionGroups/userReviews/indexes 200
[debug] [2025-09-18T23:52:52.398Z] <<< [apiv2][body] POST https://firestore.googleapis.com/v1/projects/leli-rentals-52a08/databases/(default)/collectionGroups/userReviews/indexes {"name":"projects/leli-rentals-52a08/databases/(default)/operations/TEU0ejdqSmdBQ0lDDCoDIDA5ZGQ0NzE0MjBmMy1lMDM4LTI2MjQtMzI2Mi1mNzkxOTJkMyQac2VuaWxlcGlwCQpBEg","metadata":{"@type":"type.googleapis.com/google.firestore.admin.v1.IndexOperationMetadata","startTime":"2025-09-18T23:52:52.197493Z","index":"projects/leli-rentals-52a08/databases/(default)/collectionGroups/userReviews/indexes/CICAgJj7z4EL","state":"INITIALIZING"}}
[debug] [2025-09-18T23:52:52.398Z] Creating new index: {"collectionGroup":"notifications","queryScope":"COLLECTION","fields":[{"fieldPath":"userId","order":"ASCENDING"},{"fieldPath":"read","order":"ASCENDING"},{"fieldPath":"createdAt","order":"DESCENDING"}]}
[debug] [2025-09-18T23:52:52.399Z] Checked if tokens are valid: true, expires at: 1758242126839
[debug] [2025-09-18T23:52:52.399Z] Checked if tokens are valid: true, expires at: 1758242126839
[debug] [2025-09-18T23:52:52.400Z] >>> [apiv2][query] POST https://firestore.googleapis.com/v1/projects/leli-rentals-52a08/databases/(default)/collectionGroups/notifications/indexes [none]
[debug] [2025-09-18T23:52:52.400Z] >>> [apiv2][body] POST https://firestore.googleapis.com/v1/projects/leli-rentals-52a08/databases/(default)/collectionGroups/notifications/indexes {"fields":[{"fieldPath":"userId","order":"ASCENDING"},{"fieldPath":"read","order":"ASCENDING"},{"fieldPath":"createdAt","order":"DESCENDING"}],"queryScope":"COLLECTION"}
[debug] [2025-09-18T23:52:52.501Z] <<< [apiv2][status] POST https://firestore.googleapis.com/v1/projects/leli-rentals-52a08/databases/(default)/collectionGroups/notifications/indexes 200
[debug] [2025-09-18T23:52:52.502Z] <<< [apiv2][body] POST https://firestore.googleapis.com/v1/projects/leli-rentals-52a08/databases/(default)/collectionGroups/notifications/indexes {"name":"projects/leli-rentals-52a08/databases/(default)/operations/S01zcFVpSmdBQ0lDDCoDIDU3N2QwNjQxZjk2YS1hODVhLTdmZDQtNDEyMy0xZWU5YzFjMSQac2VuaWxlcGlwCQpBEg","metadata":{"@type":"type.googleapis.com/google.firestore.admin.v1.IndexOperationMetadata","startTime":"2025-09-18T23:52:52.415059Z","index":"projects/leli-rentals-52a08/databases/(default)/collectionGroups/notifications/indexes/CICAgJiUpsMK","state":"INITIALIZING"}}
[debug] [2025-09-18T23:52:52.503Z] Creating new index: {"collectionGroup":"notifications","queryScope":"COLLECTION","fields":[{"fieldPath":"userId","order":"ASCENDING"},{"fieldPath":"createdAt","order":"DESCENDING"}]}
[debug] [2025-09-18T23:52:52.504Z] Checked if tokens are valid: true, expires at: 1758242126839
[debug] [2025-09-18T23:52:52.505Z] Checked if tokens are valid: true, expires at: 1758242126839
[debug] [2025-09-18T23:52:52.505Z] >>> [apiv2][query] POST https://firestore.googleapis.com/v1/projects/leli-rentals-52a08/databases/(default)/collectionGroups/notifications/indexes [none]
[debug] [2025-09-18T23:52:52.506Z] >>> [apiv2][body] POST https://firestore.googleapis.com/v1/projects/leli-rentals-52a08/databases/(default)/collectionGroups/notifications/indexes {"fields":[{"fieldPath":"userId","order":"ASCENDING"},{"fieldPath":"createdAt","order":"DESCENDING"}],"queryScope":"COLLECTION"}
[debug] [2025-09-18T23:52:52.606Z] <<< [apiv2][status] POST https://firestore.googleapis.com/v1/projects/leli-rentals-52a08/databases/(default)/collectionGroups/notifications/indexes 200
[debug] [2025-09-18T23:52:52.607Z] <<< [apiv2][body] POST https://firestore.googleapis.com/v1/projects/leli-rentals-52a08/databases/(default)/collectionGroups/notifications/indexes {"name":"projects/leli-rentals-52a08/databases/(default)/operations/S0U4aFhqT2dBQ0lDDCoDIDA4OGZjMzZkZDlkYy00OTE4LTBlYzQtYTBmNC1jMTc3YmIyMCQac2VuaWxlcGlwCQpBEg","metadata":{"@type":"type.googleapis.com/google.firestore.admin.v1.IndexOperationMetadata","startTime":"2025-09-18T23:52:52.518166Z","index":"projects/leli-rentals-52a08/databases/(default)/collectionGroups/notifications/indexes/CICAgOjXh8EK","state":"INITIALIZING"}}
[debug] [2025-09-18T23:52:52.608Z] Creating new index: {"collectionGroup":"chatSessions","queryScope":"COLLECTION","fields":[{"fieldPath":"userId","order":"ASCENDING"},{"fieldPath":"createdAt","order":"DESCENDING"}]}
[debug] [2025-09-18T23:52:52.609Z] Checked if tokens are valid: true, expires at: 1758242126839
[debug] [2025-09-18T23:52:52.609Z] Checked if tokens are valid: true, expires at: 1758242126839
[debug] [2025-09-18T23:52:52.610Z] >>> [apiv2][query] POST https://firestore.googleapis.com/v1/projects/leli-rentals-52a08/databases/(default)/collectionGroups/chatSessions/indexes [none]
[debug] [2025-09-18T23:52:52.610Z] >>> [apiv2][body] POST https://firestore.googleapis.com/v1/projects/leli-rentals-52a08/databases/(default)/collectionGroups/chatSessions/indexes {"fields":[{"fieldPath":"userId","order":"ASCENDING"},{"fieldPath":"createdAt","order":"DESCENDING"}],"queryScope":"COLLECTION"}
[debug] [2025-09-18T23:52:52.728Z] <<< [apiv2][status] POST https://firestore.googleapis.com/v1/projects/leli-rentals-52a08/databases/(default)/collectionGroups/chatSessions/indexes 200
[debug] [2025-09-18T23:52:52.729Z] <<< [apiv2][body] POST https://firestore.googleapis.com/v1/projects/leli-rentals-52a08/databases/(default)/collectionGroups/chatSessions/indexes {"name":"projects/leli-rentals-52a08/databases/(default)/operations/S0E4MW1pSmdBQ0lDDCoDIGQxYzkxZGQzM2NlNC0yM2I4LWY4YTQtNDExNC0zYWYzMThiZSQac2VuaWxlcGlwCQpBEg","metadata":{"@type":"type.googleapis.com/google.firestore.admin.v1.IndexOperationMetadata","startTime":"2025-09-18T23:52:52.637405Z","index":"projects/leli-rentals-52a08/databases/(default)/collectionGroups/chatSessions/indexes/CICAgJim18AK","state":"INITIALIZING"}}
[debug] [2025-09-18T23:52:52.730Z] Creating new index: {"collectionGroup":"supportTickets","queryScope":"COLLECTION","fields":[{"fieldPath":"userId","order":"ASCENDING"},{"fieldPath":"status","order":"ASCENDING"},{"fieldPath":"createdAt","order":"DESCENDING"}]}
[debug] [2025-09-18T23:52:52.731Z] Checked if tokens are valid: true, expires at: 1758242126839
[debug] [2025-09-18T23:52:52.731Z] Checked if tokens are valid: true, expires at: 1758242126839
[debug] [2025-09-18T23:52:52.732Z] >>> [apiv2][query] POST https://firestore.googleapis.com/v1/projects/leli-rentals-52a08/databases/(default)/collectionGroups/supportTickets/indexes [none]
[debug] [2025-09-18T23:52:52.732Z] >>> [apiv2][body] POST https://firestore.googleapis.com/v1/projects/leli-rentals-52a08/databases/(default)/collectionGroups/supportTickets/indexes {"fields":[{"fieldPath":"userId","order":"ASCENDING"},{"fieldPath":"status","order":"ASCENDING"},{"fieldPath":"createdAt","order":"DESCENDING"}],"queryScope":"COLLECTION"}
[debug] [2025-09-18T23:52:52.832Z] <<< [apiv2][status] POST https://firestore.googleapis.com/v1/projects/leli-rentals-52a08/databases/(default)/collectionGroups/supportTickets/indexes 200
[debug] [2025-09-18T23:52:52.833Z] <<< [apiv2][body] POST https://firestore.googleapis.com/v1/projects/leli-rentals-52a08/databases/(default)/collectionGroups/supportTickets/indexes {"name":"projects/leli-rentals-52a08/databases/(default)/operations/SkE4MW1pSmdBQ0lDDCoDIDMyOTY3MTdmZDVkYi04ZDhiLWM2NTQtNGZkYy02YjRmNjc4ZCQac2VuaWxlcGlwCQpBEg","metadata":{"@type":"type.googleapis.com/google.firestore.admin.v1.IndexOperationMetadata","startTime":"2025-09-18T23:52:52.747563Z","index":"projects/leli-rentals-52a08/databases/(default)/collectionGroups/supportTickets/indexes/CICAgJim18AJ","state":"INITIALIZING"}}
[debug] [2025-09-18T23:52:52.834Z] Creating new index: {"collectionGroup":"supportTickets","queryScope":"COLLECTION","fields":[{"fieldPath":"status","order":"ASCENDING"},{"fieldPath":"createdAt","order":"DESCENDING"}]}
[debug] [2025-09-18T23:52:52.834Z] Checked if tokens are valid: true, expires at: 1758242126839
[debug] [2025-09-18T23:52:52.834Z] Checked if tokens are valid: true, expires at: 1758242126839
[debug] [2025-09-18T23:52:52.835Z] >>> [apiv2][query] POST https://firestore.googleapis.com/v1/projects/leli-rentals-52a08/databases/(default)/collectionGroups/supportTickets/indexes [none]
[debug] [2025-09-18T23:52:52.835Z] >>> [apiv2][body] POST https://firestore.googleapis.com/v1/projects/leli-rentals-52a08/databases/(default)/collectionGroups/supportTickets/indexes {"fields":[{"fieldPath":"status","order":"ASCENDING"},{"fieldPath":"createdAt","order":"DESCENDING"}],"queryScope":"COLLECTION"}
[debug] [2025-09-18T23:52:53.097Z] <<< [apiv2][status] POST https://firestore.googleapis.com/v1/projects/leli-rentals-52a08/databases/(default)/collectionGroups/supportTickets/indexes 200
[debug] [2025-09-18T23:52:53.097Z] <<< [apiv2][body] POST https://firestore.googleapis.com/v1/projects/leli-rentals-52a08/databases/(default)/collectionGroups/supportTickets/indexes {"name":"projects/leli-rentals-52a08/databases/(default)/operations/TElvOUZqSmdBQ0lDDCoDIDkzYWQ5NDYzYTZiNi04OTA4LTc3ZTQtMDllZS01OTFlZGU5NCQac2VuaWxlcGlwCQpBEg","metadata":{"@type":"type.googleapis.com/google.firestore.admin.v1.IndexOperationMetadata","startTime":"2025-09-18T23:52:53.012302Z","index":"projects/leli-rentals-52a08/databases/(default)/collectionGroups/supportTickets/indexes/CICAgJjF9oIL","state":"INITIALIZING"}}
[info] +  firestore: deployed indexes in firestore.indexes.json successfully for (default) database 
[info] 
[info] +  Deploy complete! 
[info] 
[info] Project Console: https://console.firebase.google.com/project/leli-rentals-52a08/overview
